条数:1
作者:我只想做我自己
内容:昨天晚上，看着熟睡着卡哇伊的宝宝（女）怜惜的感慨道：不知道20年后哪个混蛋有这么好的福气娶到她啊！ 老婆在旁边冷冷的说：20多年前我爸也这么说过！
好笑数:9797
评论数:47
---------------------------------------------------------------------
条数:2
作者:白澤
内容:记得小时候一件糗事，LZ有一个同学她父母闹离婚，在争夺她的抚养权，可能情况蛮激烈吧，那同学舅舅直接到学校来抢人！没错，慌乱之下他把lz认成了他外甥，次奥，扛起lz就跑路，那速度堪比刘翔了，任凭我怎么挣扎都不理，至今犹记得那男的气喘吁吁到家后把我放下时说得第一句话：你是谁？？？
好笑数:9470
评论数:77
---------------------------------------------------------------------
条数:3
作者:知心大姐。
内容:我前女友嫌弃我太瘦弱了，和一壮男跑了，我后来和一东北大胖妞处对象，在街上我们双双相遇，我前女友对我一个劲的挑衅我的底线，我东北女朋友看不下去了，把我前女友揍了一顿，我前女友对象上去结果也被揍了。
好笑数:21729
评论数:383
---------------------------------------------------------------------
条数:4
作者:默默，吃茶去
内容:真事不割。有一朋友，家中独子，婚后第一胎女儿，第二胎女儿。遂放狠话！不生儿子誓不罢休！果然第三胎如愿以偿，三胞胎男孩！这不，刚把车卖了换奶粉了。
好笑数:12495
评论数:230
---------------------------------------------------------------------
条数:5
作者:狐小白、
内容:这是我小时候最爱的动作！！
图片:http://pic.qiushibaike.com/system/pictures/11550/115502016/medium/app115502016.jpg
链接:http://www.qiushibaike.com/article/115502016
好笑数:3533
评论数:108
---------------------------------------------------------------------
条数:6
作者:。小蜜蜂。
内容:是我笑点低了么？
图片:http://pic.qiushibaike.com/system/pictures/11550/115508810/medium/app115508810.jpg
链接:http://www.qiushibaike.com/article/115508810
好笑数:675
评论数:29
---------------------------------------------------------------------
条数:7
作者:凉生依然
内容:有个女同学比较中性化，短头发，帅帅的，不仔细看还真不觉得是个女的，上第一节课的时候，一男生大叫:我TMD在男生宿舍找了你三天，结果你住女生宿舍！全班。。。。
好笑数:13592
评论数:176
---------------------------------------------------------------------
条数:8
作者:俗人淡写
内容:我的内心几乎是崩溃的[抓狂][抓狂]
图片:http://pic.qiushibaike.com/system/pictures/11550/115501331/medium/app115501331.jpg
链接:http://www.qiushibaike.com/article/115501331
好笑数:352
评论数:20
---------------------------------------------------------------------
条数:9
作者:菜二代
内容:同事A：啥时侯我们的工资能涨到每月5W块，生活就没这么多烦恼了！同事B：你等白菜500块一斤的时候吧。
好笑数:6753
评论数:67
---------------------------------------------------------------------
条数:10
作者:涨停狙击手
内容:听一哥们讲的，一小地方银行招抢，匪徒拿着刀威胁一女营业员拿钱，被门口一小伙暴揍。被抓后警察对小伙说，感谢你见义勇为的举动，当时你怎么想的，小伙说，我就看见他拿刀威胁我老婆，就往死揍他！！！！！
好笑数:6589
评论数:54
---------------------------------------------------------------------
条数:11
作者:想白牙的加我
内容:我决心不再做女汉子了，我都已经三十了。女汉子或许还有一点萌萌的美感。但女老汉这个称谓太可怕了。
好笑数:7216
评论数:248
---------------------------------------------------------------------
条数:12
作者:A小襄阳
内容:有一次，我亲眼看见一老大爷给一姑娘让座。老大爷说:"孩子啊，你坐下吧！"那个姑娘坐下后，感激的问老大爷:"您是不是要下车？"老大爷摇摇头说:"不是。我给你让座是因为你吃的点心渣总掉在我的脑袋上和脖子上！"
好笑数:2417
评论数:20
---------------------------------------------------------------------
条数:13
作者:忍……伍可忍
内容:我在小作坊上班，前几天我妻子出工伤了！一切费用厂子里出，误工费，营养费，照给，另外给5000压惊。我一堂弟在另外一个工厂同样的工伤，什么都不管，包括医药费，我是不是遇到了好老板为天下的好老板顶一个
好笑数:12414
评论数:295
---------------------------------------------------------------------
条数:14
作者:匿名用户
内容:刚刚去理发，人特多正挨号呢就听一正理着的哥们说：师傅你这推子咋回事啊，震得我头皮发麻，师傅来了句：没事我这推子有点漏电[/呲牙][/呲牙][/呲牙][/呲牙][/呲牙]
好笑数:7343
评论数:38
---------------------------------------------------------------------
条数:15
作者:如梦一般幻一般
内容:晚上在外吃米线，老板是一对年青夫妇，长相打扮都不错。儿子五六岁的样子，小正太。爸爸接他放学回来和他妈妈说，儿子在学校和小朋友打架了，老师问他爸爸电话是多少，儿子说“不用叫我爸爸来，我自己就能打过他”
好笑数:5777
评论数:38
---------------------------------------------------------------------
条数:16
作者:给我牙签翘起地球
内容:跟吃货女友去吃烛光晚餐，女友：你把眼镜闭上，嘟起你可爱的小嘴巴，我要给你一个惊喜！楼主心中窃喜，开心的照做了10分钟过去了，我也没感受到我想要的惊喜，遂睁开眼睛，只见满桌饭菜一扫而空，女友打了个饱嗝说：咋样？这惊喜不错吧！
好笑数:2672
评论数:55
---------------------------------------------------------------------
条数:17
作者:闻风牧月
内容:昨晚陪老婆看韩剧，看到动情处，我说：“突然想体验一下被爱的感觉。”老婆听完立马抽了我一巴掌，说：“这就是悲哀的感觉！”
好笑数:6262
评论数:30
---------------------------------------------------------------------
条数:18
作者:艹蛋的青春、逝去
内容:初中英语不好，作业也不想写，一次跟我哥打架，趁乱撕了几套卷子，，，，，心想这架打的挺职，，，，，，第二天我爸就去新华书店买了一整套，扔到我面前，写。我以前已经写过的可以不写了吗，呜呜
好笑数:3635
评论数:20
---------------------------------------------------------------------
条数:19
作者:傻雅头
内容:有一次奶奶问弟弟说，长大了赚钱给谁花啊。弟弟回答说，奶奶你啊。奶奶听了开心的说，奶奶应该活不到那个时候了。弟弟说，不会啊，妈妈说你是个老不死的。奶奶脸直接黑了，我也凌乱了。
好笑数:7673
评论数:46
---------------------------------------------------------------------
条数:20
作者:灰色头像8
内容:别动我，我是树懒
图片:http://pic.qiushibaike.com/system/pictures/11550/115508213/medium/app115508213.jpg
链接:http://www.qiushibaike.com/article/115508213
好笑数:533
评论数:10
---------------------------------------------------------------------
条数:21
作者:放假比上班还累
内容:昨天女儿三周岁生日，决定三口人出去吃点好的。老婆说，每次出去吃饭就忙乎孩子了，都吃不好。我一想也是，老婆那么辛苦，应该让他她轻松一下。然后我们就把女儿送幼儿园，两个人开开心心的吃了一顿。
好笑数:3482
评论数:75
---------------------------------------------------------------------
条数:22
作者:我心不愧
内容:和老婆在河边散步，老婆忽然问我：如果我现在掉河里你咋办？我本着糗百的精神说：脱了裤子向河里撒尿！唉！现在还在跪搓衣板呢！糗百害人不浅啊！
好笑数:4606
评论数:23
---------------------------------------------------------------------
条数:23
作者:冰冰月秋
内容:一次出门打的，跟司机说不打表80块，他坚持要打表，结果一到地方才62，这真的不怪我
好笑数:6874
评论数:53
---------------------------------------------------------------------
条数:24
作者:冷面冷心冷温柔i
内容:我问朋友要游戏号玩，因为绑定有手机令牌，上游戏比较麻烦，就让他解了。他不肯，怕被盗。我说反正你号又不值钱，这货来句：难道自己老婆丑，就不介意别人上么……
好笑数:2606
评论数:41
---------------------------------------------------------------------
条数:25
作者:我爱逗妇乳…
内容:今天去一个鱼塘新开张的，钓费200块，老板说今天空军的送一只鸡，回来的时候每人拎着一只鸡，草泥马的鱼塘根本就没有鱼，老板是卖鸡的！
好笑数:12010
评论数:208
---------------------------------------------------------------------
条数:26
作者:（驹迷）超越
内容:昨天去姐家里蹭饭！姐姐带着小外甥女去买菜，我与姐夫坐屋里聊天…正聊得尽 兴，姐夫电话响起！接听后，电话那头传来姐焦急的声音：“女儿在菜市场走丢了，你快过来！”…俩人火急火燎的出门，刚下楼就看到小家伙往这边跑，姐夫立马冲上前把她抱怀里。只见其哇哇大哭道：“爸爸！妈妈让我弄丢了，你快去找！”…
好笑数:17763
评论数:242
---------------------------------------------------------------------
条数:27
作者:我有良民证，你有吗?
内容:老爸惹到我了，上午我爸看我还生气，贿赂我弟弟去买零食给我带一份来哄我。现在想想，真没骨气！我堂堂20岁的人居然被老爸的几包辣条给搞定了。！
好笑数:1956
评论数:43
---------------------------------------------------------------------
条数:28
作者:五十米深藍
内容:十万左右人口的小城市，此为背景。一个星期前，后保险杠被一大姐追尾了，车一直扔在修车厂等着发件，喷漆。今天，修完了喜滋滋的开出来。刚拐出修车厂的路口，砰。。。。尼玛！没错！！又是那大姐！大姐！你要是真喜欢我的后保险杠，给你了，我不要了！！！
好笑数:6282
评论数:210
---------------------------------------------------------------------
条数:29
作者:冷面冷心冷温柔i
内容:早上带5岁外甥去公园遛弯，看见一漂亮妹子遛狗。外甥过去逗狗，玩的挺开心。抬头对妹子说：姐姐我可以摸一下么？美女点点头。这熊孩子摸下美女MM就跑了！美女你别这么看我，真不是……不是我教的！
好笑数:2631
评论数:23
---------------------------------------------------------------------
条数:30
作者:忘记乌云
内容:哪里有点不对劲！
图片:http://pic.qiushibaike.com/system/pictures/11549/115498484/medium/app115498484.jpg
链接:http://www.qiushibaike.com/article/115498484
好笑数:1099
评论数:19
---------------------------------------------------------------------
条数:31
作者:灰色头像8
内容:别动我，我是树懒
图片:http://pic.qiushibaike.com/system/pictures/11550/115508213/medium/app115508213.jpg
链接:http://www.qiushibaike.com/article/115508213
好笑数:535
评论数:10
---------------------------------------------------------------------
条数:32
作者:小小杨沛沛
内容:初中的时候，疯狂迷恋《灌蓝高手》觉得樱木花道那个“眼神杀人”很酷。于是，上课的时候我就一直瞪着老师，一直瞪着！老师莫名其妙的看我好几次，我不退让，还是瞪着，跟杀父仇人一样蹬他！他也看着我，边看边讲。终于，他踩空了，从讲台上摔下来………………
好笑数:9302
评论数:150
---------------------------------------------------------------------
条数:33
作者:北飞的候鸟
内容:进糗百已经五年有余了！进来前跟进来后的区别是这样的……
图片:http://pic.qiushibaike.com/system/pictures/11550/115509852/medium/app115509852.jpg
链接:http://www.qiushibaike.com/article/115509852
好笑数:1636
评论数:71
---------------------------------------------------------------------
条数:34
作者:告诉静静说我想她
内容:刚刚悲催了，在芜湖坐动车，一工作人员（女）在招呼：带小孩的和老年旅客请往前走，一会给您优先检票。我嘴欠的问了一句：长的帅的优先么？结果那姑娘说：那您最后进吧……
好笑数:5522
评论数:76
---------------------------------------------------------------------
条数:35
作者:医然为你
内容:老家一个已婚男人领别人家媳妇跑了，，两家剩下的男女非常气氛，坐到一起商量怎么追回他俩，处理后续的事情。。。没几天他俩商量好了。结婚过日子了…………
好笑数:7381
评论数:106
---------------------------------------------------------------------
条数:36
作者:@约来约好
内容:本人有一大叔老乡，人送外号八一。开始我还认为这老乡以前当过兵，后来一打听是小学一年级上了八年，你妈瞬间觉得遇到了神人。
好笑数:4389
评论数:63
---------------------------------------------------------------------
条数:37
作者:暗梅幽闻花°
内容:小学老师教我们学造句，一边……一边……，本吊写的是“爸爸一边洗澡一边抽烟”，结果老师非常生气的说叫你爸爸洗给我看，搞的我回家跟老爸说我老师想看你洗澡，我只记得老爸很镇定的点燃了一支香烟问我”什么时间？”
好笑数:1631
评论数:21
---------------------------------------------------------------------
条数:38
作者:闻风牧月
内容:刚开学，老师，过生日，班费开支买了一个蛋糕，自习课时点上蜡烛，各种师生情深的祝福后请老师许愿，老师：我最大的希望是同学们少玩网游，认真作业……这时角落里传来一声：老师，愿望说出来就不灵了……
好笑数:4039
评论数:25
---------------------------------------------------------------------
条数:39
作者:柳家有小雨
内容:陪两同事逛街！遇见前女友！同事知道她劈腿的事！默契的一手拉一胳膊对我说，走，硬气点！然后解开纽扣散下头发，娇媚的陪我走过我人生中最辉煌的三分钟！看着前女友惊诧的表情，发现没白疼这两小妮子！真事不匿
好笑数:8426
评论数:144
---------------------------------------------------------------------
条数:40
作者:蹊跷岛爱
内容:做实验，男生站一排，女生站一排，面对面中间隔着不高的实验台，当对面女生全部俯下身去做实验的时候，男生都不好意思了，夏天什么时候来呀！
好笑数:3356
评论数:15
---------------------------------------------------------------------
条数:41
作者:扬帆索马里
内容:碰见中文好的老外是什么感觉，在澳洲碰见一红胡子大哥，照相之后顺口说了句thank you 人家回我一句瞎J8客气
好笑数:8493
评论数:92
---------------------------------------------------------------------
条数:42
作者:凤九等东华
内容:以前小时候在小区玩得很晚才回家，每次都能看到我妈在门口等我，顿时让我心里感到很温暖，就是她手里拿着棍子让我有点尴尬
好笑数:3596
评论数:32
---------------------------------------------------------------------
条数:43
作者:傻雅头
内容:读书的时候，和老妈一起看电视，看到男女主角接吻，老妈都会很自觉的换台。现在回家和老妈看电视，看到男女主角接吻。老妈立即说，你看看人家！你啥时候才能带个对象回家啊……
好笑数:2539
评论数:24
---------------------------------------------------------------------
条数:44
作者:匿名用户
内容:刚下夜班，去WC解个手，来了一个同事，来了句‘尿着呢啊’～～～～～～尼玛第一次在厕所是这样听别人打招呼的
好笑数:2999
评论数:20
---------------------------------------------------------------------
条数:45
作者:阿花哥哥
内容:刚刚两辆高铁同时检票，进车时提醒做对车，我坐下之后，一个年轻人说，对不起，你坐了我的位置，我告诉他你坐错车了，只见那小伙子直接去了另外一辆车，等车发动时才知道原来我坐错车了，那个小伙子，对不起。我也坐错了车
好笑数:4138
评论数:43
---------------------------------------------------------------------
条数:46
作者:蒙面超人付小旭
内容:今天等出租车没等到，只好坐了一辆三轮蹦蹦，上车以后才发现司机是个残疾人，左手没了，只剩下胳膊，右手也有些畸形，敬佩之情油然而生，相比之下，那些拿个饭碗趴在路边的假残疾人是多么的渺小。先不说了，救护车终于来了，我俩都在沟里躺了半个多小时了！
好笑数:13519
评论数:227
---------------------------------------------------------------------
条数:47
作者:懒的不想动一动
内容:还是开小超市的事，。。。开在一国营厂的边上，那天厂翻译带了个外国佬过来买烟，貌似 澳洲人，他手一比，一个三一个五，我知道他买三五烟，买了后我冲他友好的一笑，说，洋鬼子你好。谁知他一脸认真说，我不是洋鬼子。剧情出乎我的意料
好笑数:3387
评论数:20
---------------------------------------------------------------------
条数:48
作者:甲乙丙路人
内容:昨晚女去朋友家见家长……，几杯过后女朋友的表弟跟我说了一句，表姐夫你真有福气，能娶到我表姐，我:此话怎讲女朋友表弟:我表姐身材好，皮肤又划，关键是她咪咪也大卧槽老子都还没摸过要不看你才四岁，老子不打死你才怪
好笑数:3717
评论数:51
---------------------------------------------------------------------
条数:49
作者:安贤01
内容:小男孩：你笑什么？我还没表白呢？ 小女孩：花都露出来了。。。
图片:http://pic.qiushibaike.com/system/pictures/11550/115503865/medium/app115503865.jpg
链接:http://www.qiushibaike.com/article/115503865
好笑数:3184
评论数:96
---------------------------------------------------------------------
条数:50
作者:曾经的王Remix
内容:早上老板给所有员工集体开大会，重点强调上班不能迟到这个问题。再三强调不管是谁迟到都要惩罚，就算是自己也一样，男的二十个俯卧撑，女的二十个上下蹲。。刚刚说完，老板娘来了。。
好笑数:4734
评论数:36
---------------------------------------------------------------------
条数:51
作者:小怪兽守护奥特曼
内容:我给兄弟说:“哥,刚才我被勾搭了”，兄弟一脸不解，而且很惆怅，想了许久一本正经的对我说:“怎么会被狗打了呢？”"
好笑数:6603
评论数:85
---------------------------------------------------------------------
条数:52
作者:单名一个饭字
内容:你好好的，行不行？
图片:http://pic.qiushibaike.com/system/pictures/11550/115509220/medium/app115509220.jpg
链接:http://www.qiushibaike.com/article/115509220
好笑数:327
评论数:3
---------------------------------------------------------------------
条数:53
作者:用户夏天的风
内容:女儿一直在哭，她奶奶就说她哭起来没头了，她赶紧摸着自己的头说奶奶我有头。
好笑数:4035
评论数:23
---------------------------------------------------------------------
条数:54
作者:小鬼夜太美
内容:今天脖子疼去医院…哥斯达黎加…前面有个美女脖子闪到了，大夫要求戴颈托，大夫帮美女戴上后，美女忍不住的嘟囔：哎呀大夫，这样不舒服啊。大夫回了一句：废话，舒服的话我自己就天天戴着了，还轮到你…
好笑数:4281
评论数:24
---------------------------------------------------------------------
条数:55
作者:我勒个去#擦
内容:就在刚刚，两个黑人老外再和我们这里一个摆摊的老头交谈，一个用外语，一个用方言，关键是他们聊的还挺嗨！我就不淡定了……没敢拍照，怕挨打！
好笑数:4520
评论数:24
---------------------------------------------------------------------
条数:56
作者:干掉良辰操服日天
内容:一夫妇外出办事途中，丢失了身份证。　　向旅店老板好说歹说，终于答应他们住下来。　　没想到，警察来查房。　　女的赶紧说：“警察同志，我没收他钱。我们是夫妻。”　　丈夫说：“别说了，就你这样的，收钱谁愿意干啊！”
好笑数:4367
评论数:27
---------------------------------------------------------------------
条数:57
作者:<糗犯监狱>~华少
内容:早上坐公交车上班，车上人很多，忽然发现一猥琐男一直紧贴在一位妹纸的身后，随着车蹭来蹭去的，只见那妹纸突然转身左手一把揪住猥琐男的丁丁，像扭麻花似的用力一拉，右手扬起就是一个耳光，之后抓住猥琐男的衣领恶狠狠地说：信不信老娘给你掰断！别让我再看见你！滚！用力一推那男的，那男的在一车人的谴责声中灰溜溜的下车了...正能量，好姑娘！
好笑数:8579
评论数:151
---------------------------------------------------------------------
条数:58
作者:对方正在偷人！！
内容:一哥们的媳妇有妄想症。。这是背景。。。说前阵子去给看心理医生，去了三次，医生直接告诉他:你爱人没办法做心理辅导，应该去神经科看看。。哥们问:真有那么严重吗？。。你爱人说让我应该脱下白大褂，放下屠刀，跟她一起去普度众生，你觉得不严重么？？？？
好笑数:4273
评论数:67
---------------------------------------------------------------------
条数:59
作者:龙五B哥
内容:好开森，买零食还有礼物送。。。
图片:http://pic.qiushibaike.com/system/pictures/11550/115509792/medium/app115509792.jpg
链接:http://www.qiushibaike.com/article/115509792
好笑数:413
评论数:10
---------------------------------------------------------------------
条数:60
作者:苏青瘾
内容:其实每个人身边都有三种人在关心你，一种是关心你飞得高不高，一种是关心你飞得累不累，还有一种是关心你什么时候摔下来……
好笑数:6203
评论数:87
---------------------------------------------------------------------
条数:61
作者:逗比的小明
内容:跟女朋友认识不久，问她是初恋吗？她说是，今天啪啪啪，一时兴起，问她，我的大还是你前男友的大，她秒回：没感觉，都差不多吧……
好笑数:3584
评论数:86
---------------------------------------------------------------------
条数:62
作者:闻风牧月
内容:一次某面馆吃面，汤是免费的。进来一大叔，跟服务员说：“给我来碗面汤！”服务员把热乎乎的面汤端过去了，然后。。。大叔从包里掏出一袋方便面泡了进去。。。
好笑数:6300
评论数:60
---------------------------------------------------------------------
条数:63
作者:干掉良辰操服日天
内容:朋友在一家KTV当服务生。　　一日，VIP包房上了一包客人，二话不说塞给他四百块钱，他满心欢喜中。　　但还是很虚伪的说：“不用了，哥。”　　客人凶神恶煞的说：“拿着！”　　可是他仍然说着说了句：“谢谢哥。”　　客人满脸疑惑的说到：“谢什么？我让你出去帮我买条烟
好笑数:3157
评论数:28
---------------------------------------------------------------------
条数:64
作者:Y。痴
内容:现在有的台湾人动不动就说我不是大陆人，我不是中国人。特妈的就好像谁在乎你那国人是的。我闷只在乎台湾那块地而已。
图片:http://pic.qiushibaike.com/system/pictures/11550/115508852/medium/app115508852.jpg
链接:http://www.qiushibaike.com/article/115508852
好笑数:940
评论数:60
---------------------------------------------------------------------
条数:65
作者:浪子回不了头
内容:第一次去和几个哥们吃牛排，进门一人点了一份，老板问几成熟，想都没想，来了句，一成熟，结果马上端来了，尼玛，血还在流，
好笑数:3213
评论数:96
---------------------------------------------------------------------
条数:66
作者:莫纳的世界
内容:中学时错题罚抄500遍，回家一顿抄，老爸说他给我数，到100遍就给我标注上，抄的正欢看见老爸数也没数就标上100了，问：“爸，您怎么不数数就给我标上啊？”“哦，你以为你们老师有空数啊！”这个问题……我还真没想过……
好笑数:6781
评论数:126
---------------------------------------------------------------------
条数:67
作者:帅气躺枪
内容:孙悟空问猪八戒：你为何被贬到凡间？ 八戒无奈地望着月亮：玉帝让我完成日常任务，我理解错了...
好笑数:8366
评论数:122
---------------------------------------------------------------------
条数:68
作者:代号-猛虎
内容:“对面家的媳妇又在骂自己的婆婆了，老人家看着真可怜!”　　我妈听我说完，意味深长的看了我一眼：“只要你能给我找个媳妇，她天天打我我也高兴!”我......
好笑数:9320
评论数:132
---------------------------------------------------------------------
条数:69
作者:万年不老松
内容:昨天去检查，大夫说颈部以上瘫痪？我问是啥病，严重么？要截肢么？大夫说：“脑残，没得治。我：”不是有脑残片吗？大夫：……
好笑数:3333
评论数:20
---------------------------------------------------------------------
条数:70
作者:难过亦怎样
内容:老公跟我妈妈告状，妈，这日子太TM吓人了。我要是说我感冒了不舒服，您女儿就说，有药也不给你，病死你！要么就时不时的来一句，大郎，吃药！！！
好笑数:8663
评论数:104
---------------------------------------------------------------------
条数:71
作者:左眼天堂右眼地狱
内容:有人说我穷，我冷笑一声，转过头给他一巴掌，你tm不是废话么，劳资不穷看糗百只看纯文的～～
好笑数:2042
评论数:62
---------------------------------------------------------------------
条数:72
作者:以污会友。
内容:地铁上，一位乞讨者沿着车厢一路走来，走到一哥们儿旁边时朝那哥们儿抖了抖碗里的二十几枚硬币，哥们儿看了便随手拿出了钱包。心想，还是有好心人的啊。回头再看那哥们儿，打开钱包，拿着里面仅剩的两块钱纸币对乞讨者说，你还要跟我要吗？我了个大艹，万万没想到啊万万没想到……
好笑数:1807
评论数:13
---------------------------------------------------------------------
条数:73
作者:A小襄阳
内容:发现每个寝室都有神一样的二哥。昨天中午学校二食堂失火了。我们和数百人上演了大逃生啊。有很多童鞋都顾不上拿书包。唯有二哥，端着餐盘飞奔。最后我还发现里面的汤一点都没洒。没洒！从此我对吃货这两个字有了重新的认识。
好笑数:6089
评论数:46
---------------------------------------------------------------------
条数:74
作者:荣锦
内容:昨天有事去办公室找领导。正好碰到一大妈前来应聘。领导：你以前都干过什么活。大妈：俺刚从老家出来！今年头一回出来，没有什么工作经验。领导挠挠头：我们这只招熟练工呀！在老家有养过猪吗？？大妈：有养过啊。领导：好！那明天你来上班吧！我一直很好奇大妈的职位。直到今早看到大妈在食堂里忙碌……
好笑数:7283
评论数:85
---------------------------------------------------------------------
条数:75
作者:℡゛白耳钉
内容:刚有个男的走在我前面，路过一公共厕所我看着他奔女厕所去的！你以为这是GC？nonono谁料里面有人，那男的被一彪悍大妈提着裤子边打边骂，大妈嘴里喊着让你他妈的乱进让你他妈的打扰我拉屎！
好笑数:3057
评论数:15
---------------------------------------------------------------------
条数:76
作者:尘封冰释情
内容:公司组织内部招聘，要求我们面试者坐一排，陆续做演讲。当我前面那位读完稿件时，我笑了，尼玛，我在度娘上翻了一百多页才找到的，你竟然跟我的一字不差。。。硬着头皮读完了，现场一片安静。。。忘不了领导们看我的忧郁眼神。。
好笑数:4654
评论数:61
---------------------------------------------------------------------
条数:77
作者:为农村人自豪
内容:今天在小区电梯里，碰到一对父子，熊孩子貌似初一初二的样子，熊孩子问他爹，是先给换个苹果手机呢还是换个苹果电脑呢，熊孩子的爹瞅都没瞅他一样，悠悠的来了一句，先把你妈换了吧！熊孩子问，为啥呀，因为你换哪个你妈都不会同意。。。。。
好笑数:7314
评论数:42
---------------------------------------------------------------------
条数:78
作者:<糗犯监狱>~房东
内容:长途汽车上，上来一位胖墩，拿着个碗还有聋哑人证书过来讨钱！路过通道时，撞到一我哥们的脚，哥们一手捂着脚，一手抓着聋哑人的脚：快带我去医院，受不了了。这时只听见聋哑人冒出一句：卧槽，碰瓷！然后迅速下了车。
好笑数:8253
评论数:233
---------------------------------------------------------------------
条数:79
作者:听风~看雨
内容:昨晚媳妇儿睡梦中一个劲哭，把她叫醒后就跟我急~说她考上某高校了，接到通知书后我不乐意了~说我们孩子都上学了，还读哪门子的书…这不，一天不理我了，说我毁了她的前程。。。。。。
好笑数:6213
评论数:49
---------------------------------------------------------------------
条数:80
作者:狼族血欲
内容:昨天和相亲对象微信聊天，她告诉我之前谈了两个男朋友，一个谈了三年，一个两年两年，最后都没成，我不知道怎么来了一句 你看我们能谈几年，妹子突然不说话了，瞬间冷场 现在想死的心都有了
好笑数:2610
评论数:52
---------------------------------------------------------------------
条数:81
作者:@不颜不语
内容:刚刚全程静音看完我是歌手，嗯，观众的表演还是可以的
图片:http://pic.qiushibaike.com/system/pictures/11550/115501060/medium/app115501060.jpg
链接:http://www.qiushibaike.com/article/115501060
好笑数:372
评论数:6
---------------------------------------------------------------------
条数:82
作者:花开半黎
内容:我觉得比较形象
图片:http://pic.qiushibaike.com/system/pictures/11551/115510258/medium/app115510258.jpg
链接:http://www.qiushibaike.com/article/115510258
好笑数:440
评论数:22
---------------------------------------------------------------------
条数:83
作者:别再说？
内容:我发现我又机智了，就在刚才，一哥们嘲笑姐胸小，各种挤兑，我就火了：姐胸小可以隆，是暂时的，你的小是永久的，有能耐你隆个JJ去！
好笑数:7841
评论数:522
---------------------------------------------------------------------
条数:84
作者:⌒oOㄣ季向晚哥哥
内容:这货遇到困难了，我是不是该帮帮它……
图片:http://pic.qiushibaike.com/system/pictures/11550/115507034/medium/app115507034.jpg
链接:http://www.qiushibaike.com/article/115507034
好笑数:328
评论数:6
---------------------------------------------------------------------
条数:85
作者:考虑，老虎
内容:驾校练车中～一女学员练车途中，失声尖叫。并且捂着胸口慌慌张张的从驾驶室逃离，随后教练也神色慌张的下了车。没错，当我们所有人都以为碰到了色狼教练调戏女学员的时候，踊跃着去教训这个教练时～只闻女学员表情痛苦的说道，蜜蜂，蜜蜂蛰了我~_~蛰了我你大爷的，怎么不按常理出牌，害老子白高兴一场
好笑数:2525
评论数:51
---------------------------------------------------------------------
条数:86
作者:匿名用户
内容:（转）一女孩上初一就谈恋爱了，一天男孩骑自行车带女孩出去玩，在路上碰到女孩爸妈也骑的自行车出来，女孩嘴贱说了句，妈，不要以为你有老公带你出来，我也有，当时爸妈脸就黑如锅底
好笑数:2698
评论数:35
---------------------------------------------------------------------
条数:87
作者:卡西摸摸多
内容:表哥一家来家里做客，媳妇问5岁的大侄子“宝贝！长大以后想要当什么啊！”大侄子想都没想，一看认真的告诉媳妇“我以后长大了要当大明星！这样我就能和许多漂亮姐姐亲！嘴！了！！！”突然觉得这小子真有想法！！！
好笑数:2731
评论数:16
---------------------------------------------------------------------
条数:88
作者:小可、小爱
内容:表弟小时候很是欠揍，跟个小土匪似的实在是管不了 那天又打架了 小姨气坏了 说 去，自己打自己嘴巴子 打三十下 自己数着  表弟不服气，面不改色的自己扇自己。然后小姨和小姨夫说话 忽然表弟就哭了 小姨问你哭什么 “你们老说话 我听你们说话忘了打了多少下了 呜呜～～～”
好笑数:2872
评论数:25
---------------------------------------------------------------------
条数:89
作者:A小襄阳
内容:今天问老公咱们国家为什么不承办世界杯，我老公幽幽地看了我一眼：“你见过总在班里考倒数几名的孩子，把班上前十名叫到自己家门口，发奖状给他爹妈看的吗？”
好笑数:5851
评论数:46
---------------------------------------------------------------------
条数:90
作者:何春宏
内容:今天教导主任掏钱的时候，tt掉了出来本着雷锋精神说了一句，老师你的拒子观音掉了。妈的操场真大
好笑数:4797
评论数:36
---------------------------------------------------------------------
条数:91
作者:似水流年倾佳人
内容:今天老婆生日这是前提，前几天老婆对我说她生日能不能买条项链给她，我说一条项链要一千多哪有钱“刚换工作加上去年年底那个月工资还没发”，老婆就说不用买金的，买条银的就行。为了这么善解人意的老婆今天话放这了过多少就买多少钱的。
好笑数:40082
评论数:2599
---------------------------------------------------------------------
条数:92
作者:刘阿牛
内容:那还是lz上大学时候发生的事情了 当时宿舍里热衷打扑克 我们晚上七点上晚自习 每次都要打到临近上课了才往教室跑 夏天在宿舍我们男生都喜欢光着上身在宿舍玩 结果有一次打完最后一局又快迟到了 我们都拼命的往教学楼跑 跑到半路有一个同学喊了一句‘卧槽 我没穿衣服’   当天我们都迟到了 我是因为笑岔气了跑不动的
好笑数:428
评论数:4
---------------------------------------------------------------------
条数:93
作者:网名叫啥好么
内容:上学时有一次在厕所被抓到抽烟，教导主任当时就把我堵在里面，叫另外一个老师送来两包，搬来凳子看着下课前我抽完。我TM两天走路都飘，看教学楼都是歪的。从此以后我就相信“吸烟有害健康”了
好笑数:2507
评论数:39
---------------------------------------------------------------------
条数:94
作者:甲乙丙路人
内容:绝对真事！我们这有个银行柜员，她保管着她爸爸妈妈好几本存折，结果某日家中进贼，存折都被偷了，因为父母以前在存折上写了密码，她就很着急，结果她第二天到银行，准备叫爸爸妈妈来挂失的时候那个贼拿着他们家存折取钱来了。。。
好笑数:8022
评论数:90
---------------------------------------------------------------------
条数:95
作者:调皮醉尘埃
内容:至从去年教了我爸妈他们俩玩qq后，我一直后悔到现在……我现在每在空间里发一条说说，第一条评论都是我妈的，写着咦！我是一楼！我是楼主他妈妈……第二条我爸的，写着咦！我是二楼！是一楼她老公，楼主他爸爸……我滴个神呀！我什么时候教过他们一楼二楼的呀………
好笑数:2499
评论数:79
---------------------------------------------------------------------
条数:96
作者:馥尔
内容:妈妈说她最近用了支特别好的鞋油，擦完鞋子又香又亮……闻了闻，玫瑰花香很熟悉，想了半天没想起来是啥，问她什么牌子的可能我也用过，她说不知道全是外国字。。。。。。今天又发现她在擦鞋子…手上拿着支包装漂亮的鞋油……等等，那真的不是我买的保湿乳？。。。T^T
好笑数:4238
评论数:43
---------------------------------------------------------------------
条数:97
作者:来支烟？
内容:今发工资，Lz迟到三次，扣150。一美女同事几乎天天迟到，一分钱没扣，不解，遂问同事。其曰：“我睡过头了。”没错啊，我也睡过头了！
好笑数:3355
评论数:58
---------------------------------------------------------------------
条数:98
作者:政治上不可靠
内容:政协委员冯丹龙提议香烟最低价每包10元。这个委员的思路符合强盗逻辑,tmb 的这个狗逼提议应该符合他们特权阶层的利益。
好笑数:2526
评论数:115
---------------------------------------------------------------------
条数:99
作者:冷面冷心冷温柔i
内容:今天去一小超市买东西，结账的时候有个3毛的零头，她说没零的了，那2毛不找我行吗，我刚想答应，又从钱包里翻出个2毛，我问少给你一毛行么，回曰不可以。心想我多给你两毛可以，少给一毛就不行，遂让她去把钱找开。不是为了那几毛钱，真心不喜欢这样的商家，同意我得给过吧！！！
好笑数:3340
评论数:75
---------------------------------------------------------------------
条数:100
作者:却是四季独爱燕男
内容:每天总爱坐一摩滴师傅的车出门，去附近的网吧，固定十块，去了几个月。有一天联系不到他，我和朋友两个人直接坐了网吧旁边的另一个摩滴，两个人6块钱，◑▂◑◑▂◑◐▂◑
好笑数:4718
评论数:60
---------------------------------------------------------------------
